Reading netlist file: "C:\Users\PC\Documents\GOWINFPGA\PF\impl\gwsynthesis\PF.vg"
Parsing netlist file "C:\Users\PC\Documents\GOWINFPGA\PF\impl\gwsynthesis\PF.vg" completed
Processing netlist completed
Reading constraint file: "C:\Users\PC\Documents\GOWINFPGA\PF\src\PF.cst"
Physical Constraint parsed completed
Running placement......
[10%] Placement Phase 0 completed
[20%] Placement Phase 1 completed
[30%] Placement Phase 2 completed
[50%] Placement Phase 3 completed
Running routing......
[60%] Routing Phase 0 completed
[70%] Routing Phase 1 completed
[80%] Routing Phase 2 completed
[90%] Routing Phase 3 completed
Running timing analysis......
[95%] Timing analysis completed
Placement and routing completed
Bitstream generation in progress......
Bitstream generation completed
Running power analysis......
[100%] Power analysis completed
Generate file "C:\Users\PC\Documents\GOWINFPGA\PF\impl\pnr\PF.power.html" completed
Generate file "C:\Users\PC\Documents\GOWINFPGA\PF\impl\pnr\PF.pin.html" completed
Generate file "C:\Users\PC\Documents\GOWINFPGA\PF\impl\pnr\PF.rpt.html" completed
Generate file "C:\Users\PC\Documents\GOWINFPGA\PF\impl\pnr\PF.rpt.txt" completed
Generate file "C:\Users\PC\Documents\GOWINFPGA\PF\impl\pnr\PF.tr.html" completed
Mon Dec 16 15:19:24 2024

